# JRE version: OpenJDK Runtime Environment (8.0_152-b01) (build 1.8.0_152-release-915-b01)
# Java VM: OpenJDK 64-Bit Server VM (25.152-b01 mixed mode windows-amd64 compressed oops)
Heap:
 PSYoungGen      total 104448K, used 52616K [0x00000000e0000000, 0x00000000e7300000, 0x0000000100000000)
  eden space 92160K, 50% used [0x00000000e0000000,0x00000000e2d09190,0x00000000e5a00000)
  from space 12288K, 52% used [0x00000000e6580000,0x00000000e6bd90f0,0x00000000e7180000)
  to   space 11776K, 0% used [0x00000000e5a00000,0x00000000e5a00000,0x00000000e6580000)
 ParOldGen       total 96768K, used 16194K [0x00000000a0000000, 0x00000000a5e80000, 0x00000000e0000000)
  object space 96768K, 16% used [0x00000000a0000000,0x00000000a0fd0b18,0x00000000a5e80000)
 Metaspace       used 42992K, capacity 43932K, committed 43992K, reserved 1087488K
  class space    used 5783K, capacity 6122K, committed 6144K, reserved 1048576K
GC Heap History (10 events):
Event: 15.537 GC heap before
{Heap before GC invocations=8 (full 1):
 PSYoungGen      total 57344K, used 53409K [0x00000000e0000000, 0x00000000e4300000, 0x0000000100000000)
  eden space 48128K, 100% used [0x00000000e0000000,0x00000000e2f00000,0x00000000e2f00000)
  from space 9216K, 57% used [0x00000000e3a00000,0x00000000e3f28490,0x00000000e4300000)
  to   space 10240K, 0% used [0x00000000e2f00000,0x00000000e2f00000,0x00000000e3900000)
 ParOldGen       total 64512K, used 8859K [0x00000000a0000000, 0x00000000a3f00000, 0x00000000e0000000)
  object space 64512K, 13% used [0x00000000a0000000,0x00000000a08a6d88,0x00000000a3f00000)
 Metaspace       used 29240K, capacity 29834K, committed 30080K, reserved 1075200K
  class space    used 4109K, capacity 4356K, committed 4480K, reserved 1048576K
Event: 15.603 GC heap after
Heap after GC invocations=8 (full 1):
 PSYoungGen      total 58368K, used 8689K [0x00000000e0000000, 0x00000000e5e80000, 0x0000000100000000)
  eden space 48128K, 0% used [0x00000000e0000000,0x00000000e0000000,0x00000000e2f00000)
  from space 10240K, 84% used [0x00000000e2f00000,0x00000000e377c6b0,0x00000000e3900000)
  to   space 11264K, 0% used [0x00000000e5380000,0x00000000e5380000,0x00000000e5e80000)
 ParOldGen       total 64512K, used 8867K [0x00000000a0000000, 0x00000000a3f00000, 0x00000000e0000000)
  object space 64512K, 13% used [0x00000000a0000000,0x00000000a08a8d88,0x00000000a3f00000)
 Metaspace       used 29240K, capacity 29834K, committed 30080K, reserved 1075200K
  class space    used 4109K, capacity 4356K, committed 4480K, reserved 1048576K
}
Event: 22.486 GC heap before
{Heap before GC invocations=9 (full 1):
 PSYoungGen      total 58368K, used 56817K [0x00000000e0000000, 0x00000000e5e80000, 0x0000000100000000)
  eden space 48128K, 100% used [0x00000000e0000000,0x00000000e2f00000,0x00000000e2f00000)
  from space 10240K, 84% used [0x00000000e2f00000,0x00000000e377c6b0,0x00000000e3900000)
  to   space 11264K, 0% used [0x00000000e5380000,0x00000000e5380000,0x00000000e5e80000)
 ParOldGen       total 64512K, used 8867K [0x00000000a0000000, 0x00000000a3f00000, 0x00000000e0000000)
  object space 64512K, 13% used [0x00000000a0000000,0x00000000a08a8d88,0x00000000a3f00000)
 Metaspace       used 31567K, capacity 32202K, committed 32384K, reserved 1077248K
  class space    used 4328K, capacity 4612K, committed 4736K, reserved 1048576K
Event: 22.516 GC heap after
Heap after GC invocations=9 (full 1):
 PSYoungGen      total 81408K, used 7280K [0x00000000e0000000, 0x00000000e5c80000, 0x0000000100000000)
  eden space 72192K, 0% used [0x00000000e0000000,0x00000000e0000000,0x00000000e4680000)
  from space 9216K, 78% used [0x00000000e5380000,0x00000000e5a9c010,0x00000000e5c80000)
  to   space 11264K, 0% used [0x00000000e4680000,0x00000000e4680000,0x00000000e5180000)
 ParOldGen       total 64512K, used 8947K [0x00000000a0000000, 0x00000000a3f00000, 0x00000000e0000000)
  object space 64512K, 13% used [0x00000000a0000000,0x00000000a08bcd98,0x00000000a3f00000)
 Metaspace       used 31567K, capacity 32202K, committed 32384K, reserved 1077248K
  class space    used 4328K, capacity 4612K, committed 4736K, reserved 1048576K
}
Event: 28.885 GC heap before
{Heap before GC invocations=10 (full 1):
 PSYoungGen      total 81408K, used 35423K [0x00000000e0000000, 0x00000000e5c80000, 0x0000000100000000)
  eden space 72192K, 38% used [0x00000000e0000000,0x00000000e1b7bc88,0x00000000e4680000)
  from space 9216K, 78% used [0x00000000e5380000,0x00000000e5a9c010,0x00000000e5c80000)
  to   space 11264K, 0% used [0x00000000e4680000,0x00000000e4680000,0x00000000e5180000)
 ParOldGen       total 64512K, used 8947K [0x00000000a0000000, 0x00000000a3f00000, 0x00000000e0000000)
  object space 64512K, 13% used [0x00000000a0000000,0x00000000a08bcd98,0x00000000a3f00000)
 Metaspace       used 34458K, capacity 35240K, committed 35416K, reserved 1079296K
  class space    used 4698K, capacity 4970K, committed 4992K, reserved 1048576K
Event: 28.898 GC heap after
Heap after GC invocations=10 (full 1):
 PSYoungGen      total 83456K, used 10066K [0x00000000e0000000, 0x00000000e7180000, 0x0000000100000000)
  eden space 72192K, 0% used [0x00000000e0000000,0x00000000e0000000,0x00000000e4680000)
  from space 11264K, 89% used [0x00000000e4680000,0x00000000e5054b90,0x00000000e5180000)
  to   space 12288K, 0% used [0x00000000e6580000,0x00000000e6580000,0x00000000e7180000)
 ParOldGen       total 64512K, used 8955K [0x00000000a0000000, 0x00000000a3f00000, 0x00000000e0000000)
  object space 64512K, 13% used [0x00000000a0000000,0x00000000a08bed98,0x00000000a3f00000)
 Metaspace       used 34458K, capacity 35240K, committed 35416K, reserved 1079296K
  class space    used 4698K, capacity 4970K, committed 4992K, reserved 1048576K
}
Event: 28.898 GC heap before
{Heap before GC invocations=11 (full 2):
 PSYoungGen      total 83456K, used 10066K [0x00000000e0000000, 0x00000000e7180000, 0x0000000100000000)
  eden space 72192K, 0% used [0x00000000e0000000,0x00000000e0000000,0x00000000e4680000)
  from space 11264K, 89% used [0x00000000e4680000,0x00000000e5054b90,0x00000000e5180000)
  to   space 12288K, 0% used [0x00000000e6580000,0x00000000e6580000,0x00000000e7180000)
 ParOldGen       total 64512K, used 8955K [0x00000000a0000000, 0x00000000a3f00000, 0x00000000e0000000)
  object space 64512K, 13% used [0x00000000a0000000,0x00000000a08bed98,0x00000000a3f00000)
 Metaspace       used 34458K, capacity 35240K, committed 35416K, reserved 1079296K
  class space    used 4698K, capacity 4970K, committed 4992K, reserved 1048576K
Event: 29.008 GC heap after
Heap after GC invocations=11 (full 2):
 PSYoungGen      total 83456K, used 0K [0x00000000e0000000, 0x00000000e7180000, 0x0000000100000000)
  eden space 72192K, 0% used [0x00000000e0000000,0x00000000e0000000,0x00000000e4680000)
  from space 11264K, 0% used [0x00000000e4680000,0x00000000e4680000,0x00000000e5180000)
  to   space 12288K, 0% used [0x00000000e6580000,0x00000000e6580000,0x00000000e7180000)
 ParOldGen       total 96768K, used 16194K [0x00000000a0000000, 0x00000000a5e80000, 0x00000000e0000000)
  object space 96768K, 16% used [0x00000000a0000000,0x00000000a0fd0b18,0x00000000a5e80000)
 Metaspace       used 34458K, capacity 35240K, committed 35416K, reserved 1079296K
  class space    used 4698K, capacity 4970K, committed 4992K, reserved 1048576K
}
Event: 34.474 GC heap before
{Heap before GC invocations=12 (full 2):
 PSYoungGen      total 83456K, used 72192K [0x00000000e0000000, 0x00000000e7180000, 0x0000000100000000)
  eden space 72192K, 100% used [0x00000000e0000000,0x00000000e4680000,0x00000000e4680000)
  from space 11264K, 0% used [0x00000000e4680000,0x00000000e4680000,0x00000000e5180000)
  to   space 12288K, 0% used [0x00000000e6580000,0x00000000e6580000,0x00000000e7180000)
 ParOldGen       total 96768K, used 16194K [0x00000000a0000000, 0x00000000a5e80000, 0x00000000e0000000)
  object space 96768K, 16% used [0x00000000a0000000,0x00000000a0fd0b18,0x00000000a5e80000)
 Metaspace       used 40764K, capacity 41558K, committed 41944K, reserved 1085440K
  class space    used 5459K, capacity 5816K, committed 5888K, reserved 1048576K
Event: 34.519 GC heap after
Heap after GC invocations=12 (full 2):
 PSYoungGen      total 104448K, used 6500K [0x00000000e0000000, 0x00000000e7300000, 0x0000000100000000)
  eden space 92160K, 0% used [0x00000000e0000000,0x00000000e0000000,0x00000000e5a00000)
  from space 12288K, 52% used [0x00000000e6580000,0x00000000e6bd90f0,0x00000000e7180000)
  to   space 11776K, 0% used [0x00000000e5a00000,0x00000000e5a00000,0x00000000e6580000)
 ParOldGen       total 96768K, used 16194K [0x00000000a0000000, 0x00000000a5e80000, 0x00000000e0000000)
  object space 96768K, 16% used [0x00000000a0000000,0x00000000a0fd0b18,0x00000000a5e80000)
 Metaspace       used 40764K, capacity 41558K, committed 41944K, reserved 1085440K
  class space    used 5459K, capacity 5816K, committed 5888K, reserved 1048576K
}

